INFO 2025-12-12 12:22:51,229 autoreload Watching for file changes with StatReloader
INFO 2025-12-12 12:23:00,237 basehttp "GET / HTTP/1.1" 200 26830
INFO 2025-12-12 12:23:07,037 basehttp "GET /login/ HTTP/1.1" 200 9298
INFO 2025-12-12 12:23:27,492 basehttp "GET /password-reset/ HTTP/1.1" 200 10894
INFO 2025-12-12 12:23:33,387 basehttp "POST /password-reset/ HTTP/1.1" 302 0
INFO 2025-12-12 12:23:33,394 basehttp "GET /login/ HTTP/1.1" 200 11079
INFO 2025-12-12 12:23:43,896 basehttp "POST /login/ HTTP/1.1" 302 0
INFO 2025-12-12 12:23:44,048 basehttp "GET /personal-cabinet/ HTTP/1.1" 200 22989
INFO 2025-12-12 12:23:55,988 basehttp "GET /courses/ HTTP/1.1" 200 44742
INFO 2025-12-12 12:24:21,984 basehttp "GET /cart/ HTTP/1.1" 200 6354
INFO 2025-12-12 12:24:27,784 basehttp "GET /courses/ HTTP/1.1" 200 44904
INFO 2025-12-12 12:24:35,899 basehttp "POST /buy-course/1/ HTTP/1.1" 302 0
INFO 2025-12-12 12:24:36,009 basehttp "GET /personal-cabinet/ HTTP/1.1" 200 28354
INFO 2025-12-12 12:25:00,051 basehttp "GET /cart/ HTTP/1.1" 200 6354
INFO 2025-12-12 12:25:01,809 basehttp "GET /personal-cabinet/ HTTP/1.1" 200 27860
INFO 2025-12-12 12:25:03,882 basehttp "GET /courses/ HTTP/1.1" 200 44904
INFO 2025-12-12 12:25:10,280 basehttp "GET /cart/ HTTP/1.1" 200 6354
INFO 2025-12-12 12:25:15,935 basehttp "GET /personal-cabinet/ HTTP/1.1" 200 27860
INFO 2025-12-12 12:53:59,984 autoreload D:\Dev\jump_into_django\RepetitorPoMatem\homepage\context_processors.py changed, reloading.
INFO 2025-12-12 12:54:01,208 autoreload Watching for file changes with StatReloader
INFO 2025-12-12 12:54:13,651 basehttp "GET /cart/ HTTP/1.1" 200 6354
INFO 2025-12-12 12:54:15,702 basehttp "GET /courses/ HTTP/1.1" 200 44904
INFO 2025-12-12 12:54:19,930 basehttp "GET /cart/add/3/ HTTP/1.1" 302 0
INFO 2025-12-12 12:54:20,046 basehttp "GET /courses/ HTTP/1.1" 200 47785
INFO 2025-12-12 12:54:20,142 basehttp "GET /cart/ HTTP/1.1" 200 10626
INFO 2025-12-12 12:54:21,291 basehttp "GET /courses/ HTTP/1.1" 200 47346
INFO 2025-12-12 12:54:24,129 basehttp "GET /cart/ HTTP/1.1" 200 10626
INFO 2025-12-12 12:54:33,669 basehttp "GET /cart/checkout/ HTTP/1.1" 200 13218
INFO 2025-12-12 12:54:54,166 basehttp "POST /cart/checkout/ HTTP/1.1" 302 0
INFO 2025-12-12 12:54:54,323 basehttp "GET /personal-cabinet/ HTTP/1.1" 200 33620
INFO 2025-12-12 12:55:03,288 basehttp "GET /cart/ HTTP/1.1" 200 6354
INFO 2025-12-12 12:55:04,833 basehttp "GET /contacts/ HTTP/1.1" 200 17963
INFO 2025-12-12 12:55:05,852 basehttp "GET /reviews/ HTTP/1.1" 200 33666
INFO 2025-12-12 12:55:06,908 basehttp "GET /about/ HTTP/1.1" 200 10804
INFO 2025-12-12 12:55:08,791 basehttp "GET / HTTP/1.1" 200 26840
INFO 2025-12-12 13:02:22,486 autoreload Watching for file changes with StatReloader
INFO 2025-12-12 13:02:30,386 basehttp "GET / HTTP/1.1" 200 26840
WARNING 2025-12-12 13:02:30,591 basehttp "GET /static/img/favicon.ico HTTP/1.1" 404 1859
INFO 2025-12-12 13:02:39,519 basehttp "GET /reviews/ HTTP/1.1" 200 33666
INFO 2025-12-12 13:02:45,950 basehttp "GET /personal-cabinet/ HTTP/1.1" 200 17788
INFO 2025-12-12 13:02:57,977 basehttp "GET /courses/ HTTP/1.1" 200 44742
INFO 2025-12-12 13:03:14,897 basehttp "GET /cart/add/1/ HTTP/1.1" 302 0
INFO 2025-12-12 13:03:15,021 basehttp "GET /courses/ HTTP/1.1" 200 47781
INFO 2025-12-12 13:03:15,119 basehttp "GET /cart/ HTTP/1.1" 200 10651
INFO 2025-12-12 13:03:16,147 basehttp "GET /courses/ HTTP/1.1" 200 47347
INFO 2025-12-12 13:03:17,669 basehttp "GET /cart/add/2/ HTTP/1.1" 302 0
INFO 2025-12-12 13:03:17,798 basehttp "GET /courses/ HTTP/1.1" 200 48612
INFO 2025-12-12 13:03:17,895 basehttp "GET /cart/ HTTP/1.1" 200 12453
INFO 2025-12-12 13:03:19,049 basehttp "GET /courses/ HTTP/1.1" 200 48178
INFO 2025-12-12 13:03:21,301 basehttp "GET /cart/ HTTP/1.1" 200 12453
INFO 2025-12-12 13:03:28,122 basehttp "GET /cart/checkout/ HTTP/1.1" 200 13871
INFO 2025-12-12 13:03:38,779 basehttp "POST /cart/checkout/ HTTP/1.1" 302 0
INFO 2025-12-12 13:03:38,887 basehttp "GET /personal-cabinet/ HTTP/1.1" 200 28376
INFO 2025-12-13 23:26:00,928 autoreload Watching for file changes with StatReloader
INFO 2025-12-13 23:26:07,328 basehttp "GET / HTTP/1.1" 200 26840
INFO 2025-12-13 23:26:07,649 basehttp "GET /static/js/services.js HTTP/1.1" 200 6024
INFO 2025-12-13 23:26:07,650 basehttp "GET /static/css/services.css HTTP/1.1" 200 4144
WARNING 2025-12-13 23:26:08,059 basehttp "GET /static/img/favicon.ico HTTP/1.1" 404 1859
INFO 2025-12-13 23:27:17,450 basehttp "GET /service/ HTTP/1.1" 200 11285
INFO 2025-12-13 23:27:31,119 basehttp "GET /courses/ HTTP/1.1" 200 44742
INFO 2025-12-13 23:28:39,723 basehttp "GET /logout/ HTTP/1.1" 302 0
INFO 2025-12-13 23:28:39,880 basehttp "GET / HTTP/1.1" 200 27228
INFO 2025-12-13 23:28:42,362 basehttp "GET /register/ HTTP/1.1" 200 10571
INFO 2025-12-13 23:29:01,854 basehttp "POST /register/ HTTP/1.1" 302 0
INFO 2025-12-13 23:29:02,012 basehttp "GET /personal-cabinet/ HTTP/1.1" 200 15755
INFO 2025-12-13 23:29:05,705 basehttp "GET /courses/ HTTP/1.1" 200 44698
INFO 2025-12-13 23:30:37,021 basehttp "POST /buy-course/1/ HTTP/1.1" 302 0
INFO 2025-12-13 23:30:37,181 basehttp "GET /personal-cabinet/ HTTP/1.1" 200 20707
INFO 2025-12-13 23:31:46,454 basehttp "GET /leave-review/ HTTP/1.1" 200 21704
INFO 2025-12-13 23:32:35,191 basehttp "POST /leave-review/ HTTP/1.1" 302 0
INFO 2025-12-13 23:32:35,359 basehttp "GET /reviews/ HTTP/1.1" 200 45603
INFO 2025-12-13 23:32:38,175 basehttp "GET /reviews/ HTTP/1.1" 200 45148
INFO 2025-12-14 13:09:21,708 autoreload Watching for file changes with StatReloader
INFO 2025-12-14 13:09:40,429 basehttp "GET / HTTP/1.1" 200 29148
WARNING 2025-12-14 13:09:40,648 basehttp "GET /static/img/favicon.ico HTTP/1.1" 404 1859
INFO 2025-12-14 13:12:26,971 autoreload Watching for file changes with StatReloader
INFO 2025-12-14 13:12:40,876 basehttp "GET / HTTP/1.1" 200 29148
WARNING 2025-12-14 13:12:41,101 basehttp "GET /static/img/favicon.ico HTTP/1.1" 404 1859
INFO 2025-12-14 13:13:13,540 basehttp "GET /admin HTTP/1.1" 301 0
INFO 2025-12-14 13:13:13,640 basehttp "GET /admin/ HTTP/1.1" 302 0
INFO 2025-12-14 13:13:14,017 basehttp "GET /admin/login/?next=/admin/ HTTP/1.1" 200 3948
INFO 2025-12-14 13:13:14,243 basehttp "GET /static/admin/css/dark_mode.css HTTP/1.1" 200 2808
INFO 2025-12-14 13:13:14,254 basehttp "GET /static/admin/js/theme.js HTTP/1.1" 200 1653
INFO 2025-12-14 13:13:14,262 basehttp "GET /static/admin/css/base.css HTTP/1.1" 200 22120
INFO 2025-12-14 13:13:14,265 basehttp "GET /static/admin/css/nav_sidebar.css HTTP/1.1" 200 2810
INFO 2025-12-14 13:13:14,265 basehttp "GET /static/admin/css/login.css HTTP/1.1" 200 951
INFO 2025-12-14 13:13:14,267 basehttp "GET /static/admin/css/responsive.css HTTP/1.1" 200 16565
INFO 2025-12-14 13:13:14,288 basehttp "GET /static/admin/js/nav_sidebar.js HTTP/1.1" 200 3063
WARNING 2025-12-14 13:13:14,307 log Not Found: /favicon.ico
WARNING 2025-12-14 13:13:14,308 basehttp "GET /favicon.ico HTTP/1.1" 404 7344
INFO 2025-12-14 13:13:35,304 basehttp "POST /admin/login/?next=/admin/ HTTP/1.1" 302 0
INFO 2025-12-14 13:13:35,537 basehttp "GET /admin/ HTTP/1.1" 200 10982
INFO 2025-12-14 13:13:35,556 basehttp "GET /static/admin/css/dashboard.css HTTP/1.1" 200 441
INFO 2025-12-14 13:13:35,573 basehttp "GET /static/admin/img/icon-changelink.svg HTTP/1.1" 200 380
INFO 2025-12-14 13:13:35,574 basehttp "GET /static/admin/img/icon-addlink.svg HTTP/1.1" 200 331
INFO 2025-12-14 13:14:03,678 basehttp "GET /admin/homepage/usercourse/ HTTP/1.1" 200 19480
INFO 2025-12-14 13:14:03,699 basehttp "GET /static/admin/css/forms.css HTTP/1.1" 200 8525
INFO 2025-12-14 13:14:03,700 basehttp "GET /static/admin/css/changelists.css HTTP/1.1" 200 6878
INFO 2025-12-14 13:14:03,706 basehttp "GET /static/admin/js/jquery.init.js HTTP/1.1" 200 347
INFO 2025-12-14 13:14:03,719 basehttp "GET /static/admin/js/core.js HTTP/1.1" 200 6208
INFO 2025-12-14 13:14:03,721 basehttp "GET /static/admin/css/widgets.css HTTP/1.1" 200 11973
INFO 2025-12-14 13:14:03,733 basehttp "GET /static/admin/js/actions.js HTTP/1.1" 200 8076
INFO 2025-12-14 13:14:03,737 basehttp "GET /static/admin/js/admin/RelatedObjectLookups.js HTTP/1.1" 200 9777
INFO 2025-12-14 13:14:03,744 basehttp "GET /static/admin/js/prepopulate.js HTTP/1.1" 200 1531
INFO 2025-12-14 13:14:03,745 basehttp "GET /static/admin/js/urlify.js HTTP/1.1" 200 7887
INFO 2025-12-14 13:14:03,753 basehttp "GET /static/admin/img/search.svg HTTP/1.1" 200 458
INFO 2025-12-14 13:14:03,771 basehttp "GET /static/admin/js/vendor/jquery/jquery.js HTTP/1.1" 200 285314
INFO 2025-12-14 13:14:03,807 basehttp "GET /admin/jsi18n/ HTTP/1.1" 200 16820
INFO 2025-12-14 13:14:03,826 basehttp "GET /static/admin/js/filters.js HTTP/1.1" 200 978
INFO 2025-12-14 13:14:03,853 basehttp "GET /static/admin/js/vendor/xregexp/xregexp.js HTTP/1.1" 200 325171
INFO 2025-12-14 13:14:03,876 basehttp "GET /static/admin/img/tooltag-add.svg HTTP/1.1" 200 331
INFO 2025-12-14 13:14:03,876 basehttp "GET /static/admin/img/icon-viewlink.svg HTTP/1.1" 200 581
INFO 2025-12-14 13:18:41,091 autoreload Watching for file changes with StatReloader
INFO 2025-12-14 13:19:35,963 basehttp "GET / HTTP/1.1" 200 29138
INFO 2025-12-14 13:19:36,045 basehttp "GET /static/css/services.css HTTP/1.1" 304 0
INFO 2025-12-14 13:19:36,054 basehttp "GET /static/js/services.js HTTP/1.1" 304 0
WARNING 2025-12-14 13:19:36,188 basehttp "GET /static/img/favicon.ico HTTP/1.1" 404 1861
WARNING 2025-12-14 13:19:36,199 basehttp "GET /static/img/favicon.ico HTTP/1.1" 404 1861
INFO 2025-12-14 13:19:46,714 basehttp "GET /about/ HTTP/1.1" 200 10794
WARNING 2025-12-14 13:19:46,811 basehttp "GET /static/img/favicon.ico HTTP/1.1" 404 1861
INFO 2025-12-14 13:19:56,870 basehttp "GET /courses/ HTTP/1.1" 200 43857
WARNING 2025-12-14 13:19:56,997 basehttp "GET /static/img/favicon.ico HTTP/1.1" 404 1861
INFO 2025-12-15 18:28:01,553 autoreload Watching for file changes with StatReloader
